#! /c/Source/iverilog-install/bin/vvp
:ivl_version "12.0 (devel)" "(s20150603-1539-g2693dd32b)";
:ivl_delay_selection "TYPICAL";
:vpi_time_precision + 0;
:vpi_module "C:\iverilog\lib\ivl\system.vpi";
:vpi_module "C:\iverilog\lib\ivl\vhdl_sys.vpi";
:vpi_module "C:\iverilog\lib\ivl\vhdl_textio.vpi";
:vpi_module "C:\iverilog\lib\ivl\v2005_math.vpi";
:vpi_module "C:\iverilog\lib\ivl\va_math.vpi";
S_0000016ac034bc90 .scope module, "seq" "seq" 2 1;
 .timescale 0 0;
    .port_info 0 /INPUT 1 "x";
    .port_info 1 /INPUT 1 "clk";
    .port_info 2 /INPUT 1 "clr";
    .port_info 3 /OUTPUT 1 "z";
P_0000016ac03462d0 .param/l "S0" 0 2 9, +C4<00000000000000000000000000000000>;
P_0000016ac0346308 .param/l "S1" 0 2 9, +C4<00000000000000000000000000000001>;
P_0000016ac0346340 .param/l "S2" 0 2 9, +C4<00000000000000000000000000000010>;
P_0000016ac0346378 .param/l "S3" 0 2 9, +C4<00000000000000000000000000000011>;
P_0000016ac03463b0 .param/l "S4" 0 2 9, +C4<00000000000000000000000000000100>;
P_0000016ac03463e8 .param/l "S5" 0 2 9, +C4<00000000000000000000000000000101>;
v0000016ac0346930_0 .var "NS", 2 0;
v0000016ac0346430_0 .var "PS", 2 0;
o0000016ac0239fd8 .functor BUFZ 1, C4<z>; HiZ drive
v0000016ac03464d0_0 .net "clk", 0 0, o0000016ac0239fd8;  0 drivers
o0000016ac023a008 .functor BUFZ 1, C4<z>; HiZ drive
v0000016ac0346570_0 .net "clr", 0 0, o0000016ac023a008;  0 drivers
o0000016ac023a038 .functor BUFZ 1, C4<z>; HiZ drive
v0000016ac0346610_0 .net "x", 0 0, o0000016ac023a038;  0 drivers
v0000016ac03466b0_0 .var "z", 0 0;
E_0000016ac02382a0 .event posedge, v0000016ac0346570_0, v0000016ac03464d0_0;
E_0000016ac0237fe0 .event anyedge, v0000016ac0346430_0, v0000016ac0346610_0;
    .scope S_0000016ac034bc90;
T_0 ;
    %wait E_0000016ac02382a0;
    %load/vec4 v0000016ac0346570_0;
    %flag_set/vec4 8;
    %jmp/0xz  T_0.0, 8;
    %pushi/vec4 0, 0, 3;
    %assign/vec4 v0000016ac0346430_0, 0;
    %jmp T_0.1;
T_0.0 ;
    %load/vec4 v0000016ac0346930_0;
    %assign/vec4 v0000016ac0346430_0, 0;
T_0.1 ;
    %jmp T_0;
    .thread T_0;
    .scope S_0000016ac034bc90;
T_1 ;
    %wait E_0000016ac0237fe0;
    %load/vec4 v0000016ac0346430_0;
    %dup/vec4;
    %pushi/vec4 0, 0, 3;
    %cmp/u;
    %jmp/1 T_1.0, 6;
    %dup/vec4;
    %pushi/vec4 1, 0, 3;
    %cmp/u;
    %jmp/1 T_1.1, 6;
    %dup/vec4;
    %pushi/vec4 2, 0, 3;
    %cmp/u;
    %jmp/1 T_1.2, 6;
    %dup/vec4;
    %pushi/vec4 3, 0, 3;
    %cmp/u;
    %jmp/1 T_1.3, 6;
    %dup/vec4;
    %pushi/vec4 4, 0, 3;
    %cmp/u;
    %jmp/1 T_1.4, 6;
    %dup/vec4;
    %pushi/vec4 5, 0, 3;
    %cmp/u;
    %jmp/1 T_1.5, 6;
    %pushi/vec4 0, 0, 3;
    %store/vec4 v0000016ac0346930_0, 0, 3;
    %jmp T_1.7;
T_1.0 ;
    %load/vec4 v0000016ac0346610_0;
    %flag_set/vec4 8;
    %jmp/0 T_1.8, 8;
    %pushi/vec4 1, 0, 32;
    %jmp/1 T_1.9, 8;
T_1.8 ; End of true expr.
    %pushi/vec4 0, 0, 32;
    %jmp/0 T_1.9, 8;
 ; End of false expr.
    %blend;
T_1.9;
    %pad/s 3;
    %store/vec4 v0000016ac0346930_0, 0, 3;
    %jmp T_1.7;
T_1.1 ;
    %load/vec4 v0000016ac0346610_0;
    %flag_set/vec4 8;
    %jmp/0 T_1.10, 8;
    %pushi/vec4 1, 0, 32;
    %jmp/1 T_1.11, 8;
T_1.10 ; End of true expr.
    %pushi/vec4 2, 0, 32;
    %jmp/0 T_1.11, 8;
 ; End of false expr.
    %blend;
T_1.11;
    %pad/s 3;
    %store/vec4 v0000016ac0346930_0, 0, 3;
    %jmp T_1.7;
T_1.2 ;
    %load/vec4 v0000016ac0346610_0;
    %flag_set/vec4 8;
    %jmp/0 T_1.12, 8;
    %pushi/vec4 3, 0, 32;
    %jmp/1 T_1.13, 8;
T_1.12 ; End of true expr.
    %pushi/vec4 0, 0, 32;
    %jmp/0 T_1.13, 8;
 ; End of false expr.
    %blend;
T_1.13;
    %pad/s 3;
    %store/vec4 v0000016ac0346930_0, 0, 3;
    %jmp T_1.7;
T_1.3 ;
    %load/vec4 v0000016ac0346610_0;
    %flag_set/vec4 8;
    %jmp/0 T_1.14, 8;
    %pushi/vec4 1, 0, 32;
    %jmp/1 T_1.15, 8;
T_1.14 ; End of true expr.
    %pushi/vec4 4, 0, 32;
    %jmp/0 T_1.15, 8;
 ; End of false expr.
    %blend;
T_1.15;
    %pad/s 3;
    %store/vec4 v0000016ac0346930_0, 0, 3;
    %jmp T_1.7;
T_1.4 ;
    %load/vec4 v0000016ac0346610_0;
    %flag_set/vec4 8;
    %jmp/0 T_1.16, 8;
    %pushi/vec4 5, 0, 32;
    %jmp/1 T_1.17, 8;
T_1.16 ; End of true expr.
    %pushi/vec4 0, 0, 32;
    %jmp/0 T_1.17, 8;
 ; End of false expr.
    %blend;
T_1.17;
    %pad/s 3;
    %store/vec4 v0000016ac0346930_0, 0, 3;
    %jmp T_1.7;
T_1.5 ;
    %load/vec4 v0000016ac0346610_0;
    %flag_set/vec4 8;
    %jmp/0 T_1.18, 8;
    %pushi/vec4 1, 0, 32;
    %jmp/1 T_1.19, 8;
T_1.18 ; End of true expr.
    %pushi/vec4 4, 0, 32;
    %jmp/0 T_1.19, 8;
 ; End of false expr.
    %blend;
T_1.19;
    %pad/s 3;
    %store/vec4 v0000016ac0346930_0, 0, 3;
    %jmp T_1.7;
T_1.7 ;
    %pop/vec4 1;
    %jmp T_1;
    .thread T_1, $push;
    .scope S_0000016ac034bc90;
T_2 ;
    %wait E_0000016ac02382a0;
    %load/vec4 v0000016ac0346570_0;
    %flag_set/vec4 8;
    %jmp/0xz  T_2.0, 8;
    %pushi/vec4 0, 0, 1;
    %assign/vec4 v0000016ac03466b0_0, 0;
    %jmp T_2.1;
T_2.0 ;
    %load/vec4 v0000016ac0346430_0;
    %dup/vec4;
    %pushi/vec4 0, 0, 3;
    %cmp/u;
    %jmp/1 T_2.2, 6;
    %dup/vec4;
    %pushi/vec4 1, 0, 3;
    %cmp/u;
    %jmp/1 T_2.3, 6;
    %dup/vec4;
    %pushi/vec4 2, 0, 3;
    %cmp/u;
    %jmp/1 T_2.4, 6;
    %dup/vec4;
    %pushi/vec4 3, 0, 3;
    %cmp/u;
    %jmp/1 T_2.5, 6;
    %dup/vec4;
    %pushi/vec4 4, 0, 3;
    %cmp/u;
    %jmp/1 T_2.6, 6;
    %dup/vec4;
    %pushi/vec4 5, 0, 3;
    %cmp/u;
    %jmp/1 T_2.7, 6;
    %pushi/vec4 0, 0, 1;
    %assign/vec4 v0000016ac03466b0_0, 0;
    %jmp T_2.9;
T_2.2 ;
    %pushi/vec4 0, 0, 1;
    %assign/vec4 v0000016ac03466b0_0, 0;
    %jmp T_2.9;
T_2.3 ;
    %pushi/vec4 0, 0, 1;
    %assign/vec4 v0000016ac03466b0_0, 0;
    %jmp T_2.9;
T_2.4 ;
    %pushi/vec4 0, 0, 1;
    %assign/vec4 v0000016ac03466b0_0, 0;
    %jmp T_2.9;
T_2.5 ;
    %pushi/vec4 0, 0, 1;
    %assign/vec4 v0000016ac03466b0_0, 0;
    %jmp T_2.9;
T_2.6 ;
    %pushi/vec4 0, 0, 1;
    %assign/vec4 v0000016ac03466b0_0, 0;
    %jmp T_2.9;
T_2.7 ;
    %load/vec4 v0000016ac0346610_0;
    %flag_set/vec4 8;
    %jmp/0 T_2.10, 8;
    %pushi/vec4 0, 0, 2;
    %jmp/1 T_2.11, 8;
T_2.10 ; End of true expr.
    %pushi/vec4 1, 0, 2;
    %jmp/0 T_2.11, 8;
 ; End of false expr.
    %blend;
T_2.11;
    %pad/s 1;
    %assign/vec4 v0000016ac03466b0_0, 0;
    %jmp T_2.9;
T_2.9 ;
    %pop/vec4 1;
T_2.1 ;
    %jmp T_2;
    .thread T_2;
# The file index is used to find the file name in the following table.
:file_names 3;
    "N/A";
    "<interactive>";
    "seq.v";
